[0.091s] DEBUG:colcon:Command line arguments: ['/usr/bin/colcon', 'build']
[0.091s] DEBUG:colcon:Parsed command line arguments: Namespace(log_base=None, log_level=None, verb_name='build', build_base='build', install_base='install', merge_install=False, symlink_install=False, test_result_base=None, continue_on_error=False, executor='parallel', parallel_workers=12, event_handlers=None, ignore_user_meta=False, metas=['./colcon.meta'], base_paths=['.'], packages_ignore=None, packages_ignore_regex=None, paths=None, packages_up_to=None, packages_up_to_regex=None, packages_above=None, packages_above_and_dependencies=None, packages_above_depth=None, packages_select_by_dep=None, packages_skip_by_dep=None, packages_skip_up_to=None, packages_select_build_failed=False, packages_skip_build_finished=False, packages_select_test_failures=False, packages_skip_test_passed=False, packages_select=None, packages_skip=None, packages_select_regex=None, packages_skip_regex=None, packages_start=None, packages_end=None, allow_overriding=[], cmake_args=None, cmake_target=None, cmake_target_skip_unavailable=False, cmake_clean_cache=False, cmake_clean_first=False, cmake_force_configure=False, ament_cmake_args=None, catkin_cmake_args=None, catkin_skip_building_tests=False, verb_parser=<colcon_defaults.argument_parser.defaults.DefaultArgumentsDecorator object at 0x78b1dab5ebf0>, verb_extension=<colcon_core.verb.build.BuildVerb object at 0x78b1daca8610>, main=<bound method BuildVerb.main of <colcon_core.verb.build.BuildVerb object at 0x78b1daca8610>>)
[0.256s] Level 1:colcon.colcon_core.package_discovery:discover_packages(colcon_meta) check parameters
[0.256s] Level 1:colcon.colcon_core.package_discovery:discover_packages(recursive) check parameters
[0.256s] Level 1:colcon.colcon_core.package_discovery:discover_packages(ignore) check parameters
[0.256s] Level 1:colcon.colcon_core.package_discovery:discover_packages(path) check parameters
[0.256s] Level 1:colcon.colcon_core.package_discovery:discover_packages(colcon_meta) discover
[0.256s] Level 1:colcon.colcon_core.package_discovery:discover_packages(recursive) discover
[0.256s] INFO:colcon.colcon_core.package_discovery:Crawling recursively for packages in '/home/wang/wheel_driver'
[0.256s] Level 1:colcon.colcon_core.package_identification:_identify(.) by extensions ['ignore', 'ignore_ament_install']
[0.256s] Level 1:colcon.colcon_core.package_identification:_identify(.) by extension 'ignore'
[0.257s] Level 1:colcon.colcon_core.package_identification:_identify(.) by extension 'ignore_ament_install'
[0.257s] Level 1:colcon.colcon_core.package_identification:_identify(.) by extensions ['colcon_pkg']
[0.257s] Level 1:colcon.colcon_core.package_identification:_identify(.) by extension 'colcon_pkg'
[0.257s] Level 1:colcon.colcon_core.package_identification:_identify(.) by extensions ['colcon_meta']
[0.257s] Level 1:colcon.colcon_core.package_identification:_identify(.) by extension 'colcon_meta'
[0.257s] Level 1:colcon.colcon_core.package_identification:_identify(.) by extensions ['ros']
[0.257s] Level 1:colcon.colcon_core.package_identification:_identify(.) by extension 'ros'
[0.285s] Level 1:colcon.colcon_core.package_identification:_identify(.) by extensions ['cmake', 'python']
[0.285s] Level 1:colcon.colcon_core.package_identification:_identify(.) by extension 'cmake'
[0.285s] Level 1:colcon.colcon_core.package_identification:_identify(.) by extension 'python'
[0.285s] Level 1:colcon.colcon_core.package_identification:_identify(.) by extensions ['python_setup_py']
[0.285s] Level 1:colcon.colcon_core.package_identification:_identify(.) by extension 'python_setup_py'
[0.285s] Level 1:colcon.colcon_core.package_identification:_identify(build) by extensions ['ignore', 'ignore_ament_install']
[0.285s] Level 1:colcon.colcon_core.package_identification:_identify(build) by extension 'ignore'
[0.285s] Level 1:colcon.colcon_core.package_identification:_identify(build) ignored
[0.285s] Level 1:colcon.colcon_core.package_identification:_identify(install) by extensions ['ignore', 'ignore_ament_install']
[0.285s] Level 1:colcon.colcon_core.package_identification:_identify(install) by extension 'ignore'
[0.285s] Level 1:colcon.colcon_core.package_identification:_identify(install) ignored
[0.285s] Level 1:colcon.colcon_core.package_identification:_identify(log) by extensions ['ignore', 'ignore_ament_install']
[0.285s] Level 1:colcon.colcon_core.package_identification:_identify(log) by extension 'ignore'
[0.285s] Level 1:colcon.colcon_core.package_identification:_identify(log) ignored
[0.285s] Level 1:colcon.colcon_core.package_identification:_identify(wheel_driver_node) by extensions ['ignore', 'ignore_ament_install']
[0.285s] Level 1:colcon.colcon_core.package_identification:_identify(wheel_driver_node) by extension 'ignore'
[0.285s] Level 1:colcon.colcon_core.package_identification:_identify(wheel_driver_node) by extension 'ignore_ament_install'
[0.286s] Level 1:colcon.colcon_core.package_identification:_identify(wheel_driver_node) by extensions ['colcon_pkg']
[0.286s] Level 1:colcon.colcon_core.package_identification:_identify(wheel_driver_node) by extension 'colcon_pkg'
[0.286s] Level 1:colcon.colcon_core.package_identification:_identify(wheel_driver_node) by extensions ['colcon_meta']
[0.286s] Level 1:colcon.colcon_core.package_identification:_identify(wheel_driver_node) by extension 'colcon_meta'
[0.286s] Level 1:colcon.colcon_core.package_identification:_identify(wheel_driver_node) by extensions ['ros']
[0.286s] Level 1:colcon.colcon_core.package_identification:_identify(wheel_driver_node) by extension 'ros'
[0.288s] DEBUG:colcon.colcon_core.package_identification:Package 'wheel_driver_node' with type 'ros.ament_cmake' and name 'wheel_driver_node'
[0.288s] Level 1:colcon.colcon_core.package_discovery:discover_packages(recursive) using defaults
[0.289s] Level 1:colcon.colcon_core.package_discovery:discover_packages(ignore) discover
[0.289s] Level 1:colcon.colcon_core.package_discovery:discover_packages(ignore) using defaults
[0.289s] Level 1:colcon.colcon_core.package_discovery:discover_packages(path) discover
[0.289s] Level 1:colcon.colcon_core.package_discovery:discover_packages(path) using defaults
[0.305s] Level 1:colcon.colcon_core.package_discovery:discover_packages(prefix_path) check parameters
[0.305s] Level 1:colcon.colcon_core.package_discovery:discover_packages(prefix_path) discover
[0.308s] DEBUG:colcon.colcon_installed_package_information.package_discovery:Found 1 installed packages in /home/wang/msg/install
[0.308s] DEBUG:colcon.colcon_installed_package_information.package_discovery:Found 2 installed packages in /home/wang/Downloads/bimax_arm_control-v1.0/install
[0.308s] DEBUG:colcon.colcon_installed_package_information.package_discovery:Found 1 installed packages in /home/wang/haier_arm_driver/install
[0.310s] DEBUG:colcon.colcon_installed_package_information.package_discovery:Found 291 installed packages in /opt/ros/humble
[0.312s] Level 1:colcon.colcon_core.package_discovery:discover_packages(prefix_path) using defaults
[0.343s] Level 5:colcon.colcon_core.verb:set package 'wheel_driver_node' build argument 'cmake_args' from command line to 'None'
[0.343s] Level 5:colcon.colcon_core.verb:set package 'wheel_driver_node' build argument 'cmake_target' from command line to 'None'
[0.343s] Level 5:colcon.colcon_core.verb:set package 'wheel_driver_node' build argument 'cmake_target_skip_unavailable' from command line to 'False'
[0.343s] Level 5:colcon.colcon_core.verb:set package 'wheel_driver_node' build argument 'cmake_clean_cache' from command line to 'False'
[0.343s] Level 5:colcon.colcon_core.verb:set package 'wheel_driver_node' build argument 'cmake_clean_first' from command line to 'False'
[0.343s] Level 5:colcon.colcon_core.verb:set package 'wheel_driver_node' build argument 'cmake_force_configure' from command line to 'False'
[0.343s] Level 5:colcon.colcon_core.verb:set package 'wheel_driver_node' build argument 'ament_cmake_args' from command line to 'None'
[0.343s] Level 5:colcon.colcon_core.verb:set package 'wheel_driver_node' build argument 'catkin_cmake_args' from command line to 'None'
[0.343s] Level 5:colcon.colcon_core.verb:set package 'wheel_driver_node' build argument 'catkin_skip_building_tests' from command line to 'False'
[0.343s] DEBUG:colcon.colcon_core.verb:Building package 'wheel_driver_node' with the following arguments: {'ament_cmake_args': None, 'build_base': '/home/wang/wheel_driver/build/wheel_driver_node', 'catkin_cmake_args': None, 'catkin_skip_building_tests': False, 'cmake_args': None, 'cmake_clean_cache': False, 'cmake_clean_first': False, 'cmake_force_configure': False, 'cmake_target': None, 'cmake_target_skip_unavailable': False, 'install_base': '/home/wang/wheel_driver/install/wheel_driver_node', 'merge_install': False, 'path': '/home/wang/wheel_driver/wheel_driver_node', 'symlink_install': False, 'test_result_base': None}
[0.343s] INFO:colcon.colcon_core.executor:Executing jobs using 'parallel' executor
[0.344s] DEBUG:colcon.colcon_parallel_executor.executor.parallel:run_until_complete
[0.344s] INFO:colcon.colcon_ros.task.ament_cmake.build:Building ROS package in '/home/wang/wheel_driver/wheel_driver_node' with build type 'ament_cmake'
[0.344s] INFO:colcon.colcon_cmake.task.cmake.build:Building CMake package in '/home/wang/wheel_driver/wheel_driver_node'
[0.346s] INFO:colcon.colcon_core.plugin_system:Skipping extension 'colcon_core.shell.bat': Not used on non-Windows systems
[0.346s] INFO:colcon.colcon_core.shell:Skip shell extension 'powershell' for command environment: Not usable outside of PowerShell
[0.346s] DEBUG:colcon.colcon_core.shell:Skip shell extension 'dsv' for command environment
[0.354s] DEBUG:colcon.colcon_core.event_handler.log_command:Invoking command in '/home/wang/wheel_driver/build/wheel_driver_node': CMAKE_PREFIX_PATH=${CMAKE_PREFIX_PATH}:/home/wang/Downloads/bimax_arm_control-v1.0/install/robot_tools:/home/wang/Downloads/bimax_arm_control-v1.0/install/controller_test:/opt/ros/humble /usr/bin/cmake /home/wang/wheel_driver/wheel_driver_node -DCMAKE_INSTALL_PREFIX=/home/wang/wheel_driver/install/wheel_driver_node
[1.846s] DEBUG:colcon.colcon_core.event_handler.log_command:Invoked command in '/home/wang/wheel_driver/build/wheel_driver_node' returned '0': CMAKE_PREFIX_PATH=${CMAKE_PREFIX_PATH}:/home/wang/Downloads/bimax_arm_control-v1.0/install/robot_tools:/home/wang/Downloads/bimax_arm_control-v1.0/install/controller_test:/opt/ros/humble /usr/bin/cmake /home/wang/wheel_driver/wheel_driver_node -DCMAKE_INSTALL_PREFIX=/home/wang/wheel_driver/install/wheel_driver_node
[1.848s] DEBUG:colcon.colcon_core.event_handler.log_command:Invoking command in '/home/wang/wheel_driver/build/wheel_driver_node': CMAKE_PREFIX_PATH=${CMAKE_PREFIX_PATH}:/home/wang/Downloads/bimax_arm_control-v1.0/install/robot_tools:/home/wang/Downloads/bimax_arm_control-v1.0/install/controller_test:/opt/ros/humble /usr/bin/cmake --build /home/wang/wheel_driver/build/wheel_driver_node -- -j12 -l12
[11.565s] DEBUG:colcon.colcon_core.event_handler.log_command:Invoked command in '/home/wang/wheel_driver/build/wheel_driver_node' returned '0': CMAKE_PREFIX_PATH=${CMAKE_PREFIX_PATH}:/home/wang/Downloads/bimax_arm_control-v1.0/install/robot_tools:/home/wang/Downloads/bimax_arm_control-v1.0/install/controller_test:/opt/ros/humble /usr/bin/cmake --build /home/wang/wheel_driver/build/wheel_driver_node -- -j12 -l12
[11.574s] DEBUG:colcon.colcon_core.event_handler.log_command:Invoking command in '/home/wang/wheel_driver/build/wheel_driver_node': CMAKE_PREFIX_PATH=${CMAKE_PREFIX_PATH}:/home/wang/Downloads/bimax_arm_control-v1.0/install/robot_tools:/home/wang/Downloads/bimax_arm_control-v1.0/install/controller_test:/opt/ros/humble /usr/bin/cmake --install /home/wang/wheel_driver/build/wheel_driver_node
[11.592s] Level 1:colcon.colcon_core.environment:create_environment_scripts_only(wheel_driver_node)
[11.593s] DEBUG:colcon.colcon_core.event_handler.log_command:Invoked command in '/home/wang/wheel_driver/build/wheel_driver_node' returned '0': CMAKE_PREFIX_PATH=${CMAKE_PREFIX_PATH}:/home/wang/Downloads/bimax_arm_control-v1.0/install/robot_tools:/home/wang/Downloads/bimax_arm_control-v1.0/install/controller_test:/opt/ros/humble /usr/bin/cmake --install /home/wang/wheel_driver/build/wheel_driver_node
[11.598s] Level 1:colcon.colcon_core.environment:checking '/home/wang/wheel_driver/install/wheel_driver_node' for CMake module files
[11.598s] Level 1:colcon.colcon_core.environment:checking '/home/wang/wheel_driver/install/wheel_driver_node' for CMake config files
[11.598s] Level 1:colcon.colcon_core.shell:create_environment_hook('wheel_driver_node', 'cmake_prefix_path')
[11.598s] INFO:colcon.colcon_core.shell:Creating environment hook '/home/wang/wheel_driver/install/wheel_driver_node/share/wheel_driver_node/hook/cmake_prefix_path.ps1'
[11.599s] INFO:colcon.colcon_core.shell:Creating environment descriptor '/home/wang/wheel_driver/install/wheel_driver_node/share/wheel_driver_node/hook/cmake_prefix_path.dsv'
[11.600s] INFO:colcon.colcon_core.shell:Creating environment hook '/home/wang/wheel_driver/install/wheel_driver_node/share/wheel_driver_node/hook/cmake_prefix_path.sh'
[11.601s] Level 1:colcon.colcon_core.environment:checking '/home/wang/wheel_driver/install/wheel_driver_node/lib'
[11.601s] Level 1:colcon.colcon_core.environment:checking '/home/wang/wheel_driver/install/wheel_driver_node/bin'
[11.601s] Level 1:colcon.colcon_core.environment:checking '/home/wang/wheel_driver/install/wheel_driver_node/lib/pkgconfig/wheel_driver_node.pc'
[11.601s] Level 1:colcon.colcon_core.environment:checking '/home/wang/wheel_driver/install/wheel_driver_node/lib/python3.10/site-packages'
[11.601s] Level 1:colcon.colcon_core.environment:checking '/home/wang/wheel_driver/install/wheel_driver_node/bin'
[11.602s] INFO:colcon.colcon_core.shell:Creating package script '/home/wang/wheel_driver/install/wheel_driver_node/share/wheel_driver_node/package.ps1'
[11.602s] INFO:colcon.colcon_core.shell:Creating package descriptor '/home/wang/wheel_driver/install/wheel_driver_node/share/wheel_driver_node/package.dsv'
[11.603s] INFO:colcon.colcon_core.shell:Creating package script '/home/wang/wheel_driver/install/wheel_driver_node/share/wheel_driver_node/package.sh'
[11.604s] INFO:colcon.colcon_core.shell:Creating package script '/home/wang/wheel_driver/install/wheel_driver_node/share/wheel_driver_node/package.bash'
[11.604s] INFO:colcon.colcon_core.shell:Creating package script '/home/wang/wheel_driver/install/wheel_driver_node/share/wheel_driver_node/package.zsh'
[11.605s] Level 1:colcon.colcon_core.environment:create_file_with_runtime_dependencies(/home/wang/wheel_driver/install/wheel_driver_node/share/colcon-core/packages/wheel_driver_node)
[11.606s] Level 1:colcon.colcon_core.environment:create_environment_scripts_only(wheel_driver_node)
[11.606s] Level 1:colcon.colcon_core.environment:checking '/home/wang/wheel_driver/install/wheel_driver_node' for CMake module files
[11.606s] Level 1:colcon.colcon_core.environment:checking '/home/wang/wheel_driver/install/wheel_driver_node' for CMake config files
[11.606s] Level 1:colcon.colcon_core.shell:create_environment_hook('wheel_driver_node', 'cmake_prefix_path')
[11.606s] INFO:colcon.colcon_core.shell:Creating environment hook '/home/wang/wheel_driver/install/wheel_driver_node/share/wheel_driver_node/hook/cmake_prefix_path.ps1'
[11.607s] INFO:colcon.colcon_core.shell:Creating environment descriptor '/home/wang/wheel_driver/install/wheel_driver_node/share/wheel_driver_node/hook/cmake_prefix_path.dsv'
[11.607s] INFO:colcon.colcon_core.shell:Creating environment hook '/home/wang/wheel_driver/install/wheel_driver_node/share/wheel_driver_node/hook/cmake_prefix_path.sh'
[11.607s] Level 1:colcon.colcon_core.environment:checking '/home/wang/wheel_driver/install/wheel_driver_node/lib'
[11.608s] Level 1:colcon.colcon_core.environment:checking '/home/wang/wheel_driver/install/wheel_driver_node/bin'
[11.608s] Level 1:colcon.colcon_core.environment:checking '/home/wang/wheel_driver/install/wheel_driver_node/lib/pkgconfig/wheel_driver_node.pc'
[11.608s] Level 1:colcon.colcon_core.environment:checking '/home/wang/wheel_driver/install/wheel_driver_node/lib/python3.10/site-packages'
[11.608s] Level 1:colcon.colcon_core.environment:checking '/home/wang/wheel_driver/install/wheel_driver_node/bin'
[11.608s] INFO:colcon.colcon_core.shell:Creating package script '/home/wang/wheel_driver/install/wheel_driver_node/share/wheel_driver_node/package.ps1'
[11.609s] INFO:colcon.colcon_core.shell:Creating package descriptor '/home/wang/wheel_driver/install/wheel_driver_node/share/wheel_driver_node/package.dsv'
[11.609s] INFO:colcon.colcon_core.shell:Creating package script '/home/wang/wheel_driver/install/wheel_driver_node/share/wheel_driver_node/package.sh'
[11.609s] INFO:colcon.colcon_core.shell:Creating package script '/home/wang/wheel_driver/install/wheel_driver_node/share/wheel_driver_node/package.bash'
[11.610s] INFO:colcon.colcon_core.shell:Creating package script '/home/wang/wheel_driver/install/wheel_driver_node/share/wheel_driver_node/package.zsh'
[11.610s] Level 1:colcon.colcon_core.environment:create_file_with_runtime_dependencies(/home/wang/wheel_driver/install/wheel_driver_node/share/colcon-core/packages/wheel_driver_node)
[11.610s] DEBUG:colcon.colcon_parallel_executor.executor.parallel:closing loop
[11.611s] DEBUG:colcon.colcon_parallel_executor.executor.parallel:loop closed
[11.611s] DEBUG:colcon.colcon_parallel_executor.executor.parallel:run_until_complete finished with '0'
[11.611s] DEBUG:colcon.colcon_core.event_reactor:joining thread
[11.618s] INFO:colcon.colcon_core.plugin_system:Skipping extension 'colcon_notification.desktop_notification.terminal_notifier': Not used on non-Darwin systems
[11.619s] INFO:colcon.colcon_core.plugin_system:Skipping extension 'colcon_notification.desktop_notification.win32': Not used on non-Windows systems
[11.619s] INFO:colcon.colcon_notification.desktop_notification:Sending desktop notification using 'notify2'
[11.632s] DEBUG:colcon.colcon_core.event_reactor:joined thread
[11.632s] INFO:colcon.colcon_core.shell:Creating prefix script '/home/wang/wheel_driver/install/local_setup.ps1'
[11.633s] INFO:colcon.colcon_core.shell:Creating prefix util module '/home/wang/wheel_driver/install/_local_setup_util_ps1.py'
[11.635s] INFO:colcon.colcon_core.shell:Creating prefix chain script '/home/wang/wheel_driver/install/setup.ps1'
[11.636s] INFO:colcon.colcon_core.shell:Creating prefix script '/home/wang/wheel_driver/install/local_setup.sh'
[11.637s] INFO:colcon.colcon_core.shell:Creating prefix util module '/home/wang/wheel_driver/install/_local_setup_util_sh.py'
[11.638s] INFO:colcon.colcon_core.shell:Creating prefix chain script '/home/wang/wheel_driver/install/setup.sh'
[11.639s] INFO:colcon.colcon_core.shell:Creating prefix script '/home/wang/wheel_driver/install/local_setup.bash'
[11.640s] INFO:colcon.colcon_core.shell:Creating prefix chain script '/home/wang/wheel_driver/install/setup.bash'
[11.641s] INFO:colcon.colcon_core.shell:Creating prefix script '/home/wang/wheel_driver/install/local_setup.zsh'
[11.642s] INFO:colcon.colcon_core.shell:Creating prefix chain script '/home/wang/wheel_driver/install/setup.zsh'
